#
# A fatal error has been detected by the Java Runtime Environment:
#
#  EXCEPTION_ACCESS_VIOLATION (0xc0000005) at pc=0x00007ffc3e3640fc, pid=8984, tid=6212
#
# JRE version: Java(TM) SE Runtime Environment (11.0.1+13) (build 11.0.1+13-LTS)
# Java VM: Java HotSpot(TM) 64-Bit Server VM (11.0.1+13-LTS, mixed mode, tiered, compressed oops, g1 gc, windows-amd64)
# Problematic frame:
# V  [jvm.dll+0x3440fc]
#
# No core dump will be written. Minidumps are not enabled by default on client versions of Windows
#
# If you would like to submit a bug report, please visit:
#   http://bugreport.java.com/bugreport/crash.jsp
#

---------------  S U M M A R Y ------------

Command Line: -agentlib:jdwp=transport=dt_socket,address=127.0.0.1:50994,suspend=y,server=n -javaagent:C:\Users\Chris\.IntelliJIdea2018.2\system\captureAgent\debugger-agent.jar=file:/C:/Users/Chris/AppData/Local/Temp/capture.props -Dfile.encoding=UTF-8 --module-path=A:\Media\Apps\Java\IdeaProjects\IMSystem\out\production\IMSystem;A:\Media\Apps\Java\javafx-sdk-11.0.1\lib\javafx-swt.jar;A:\Media\Apps\Java\javafx-sdk-11.0.1\lib\javafx.base.jar;A:\Media\Apps\Java\javafx-sdk-11.0.1\lib\javafx.controls.jar;A:\Media\Apps\Java\javafx-sdk-11.0.1\lib\javafx.fxml.jar;A:\Media\Apps\Java\javafx-sdk-11.0.1\lib\javafx.graphics.jar;A:\Media\Apps\Java\javafx-sdk-11.0.1\lib\javafx.media.jar;A:\Media\Apps\Java\javafx-sdk-11.0.1\lib\javafx.swing.jar;A:\Media\Apps\Java\javafx-sdk-11.0.1\lib\javafx.web.jar -Djdk.module.main=IMSystem IMSystem/software1.Main

Host: Intel(R) Core(TM) i5-6600K CPU @ 3.50GHz, 4 cores, 15G,  Windows 10 , 64 bit Build 17134 (10.0.17134.1)
Time: Sun Dec  2 12:01:21 2018 Pacific Standard Time elapsed time: 453 seconds (0d 0h 7m 33s)

---------------  T H R E A D  ---------------

Current thread (0x00000188afeb9800):  VMThread "VM Thread" [stack: 0x000000435d500000,0x000000435d600000] [id=6212]

Stack: [0x000000435d500000,0x000000435d600000],  sp=0x000000435d5ff2f0,  free space=1020k
Native frames: (J=compiled Java code, j=interpreted, Vv=VM code, C=native code)
V  [jvm.dll+0x3440fc]
V  [jvm.dll+0x346651]
V  [jvm.dll+0x346f1e]
V  [jvm.dll+0x3443bc]
V  [jvm.dll+0x343662]
V  [jvm.dll+0x62b355]
V  [jvm.dll+0x62b0dd]
V  [jvm.dll+0x5f0b9a]
V  [jvm.dll+0x503ec7]
V  [jvm.dll+0x78178c]
V  [jvm.dll+0x77fc47]
V  [jvm.dll+0x780470]
V  [jvm.dll+0x78077f]
V  [jvm.dll+0x63b2b2]
C  [ucrtbase.dll+0x1c4ce]
C  [KERNEL32.DLL+0x13034]
C  [ntdll.dll+0x71471]


siginfo: EXCEPTION_ACCESS_VIOLATION (0xc0000005), reading address 0x0000000000ac00b1


Register to memory mapping:

RIP=0x00007ffc3e3640fc jvm.dll
RAX=0x0000000000ac00ab is an unknown value
RBX=0x000000435d5ff570 points into unknown readable memory
RCX=0x00000000000001aa is an unknown value
RDX=0x0000000000000174 is an unknown value
RSP=0x000000435d5ff2f0 points into unknown readable memory
RBP=0x0 is NULL
RSI=0x0000000000000001 is an unknown value
RDI=0x00007ffc3ea8ee88 jvm.dll
R8 =0x0 is NULL
R9 =0x00000188bafbe998 is pointing into metadata
R10=0x00007ffc3e020000 jvm.dll
R11=0x000000435d5ff350 points into unknown readable memory
R12=0x00000188afe772e0 points into unknown readable memory
R13=0x0 is NULL
R14=0x00000188bafbfc4f is pointing into metadata
R15=0x0000000000000034 is an unknown value


Registers:
RAX=0x0000000000ac00ab, RBX=0x000000435d5ff570, RCX=0x00000000000001aa, RDX=0x0000000000000174
RSP=0x000000435d5ff2f0, RBP=0x0000000000000000, RSI=0x0000000000000001, RDI=0x00007ffc3ea8ee88
R8 =0x0000000000000000, R9 =0x00000188bafbe998, R10=0x00007ffc3e020000, R11=0x000000435d5ff350
R12=0x00000188afe772e0, R13=0x0000000000000000, R14=0x00000188bafbfc4f, R15=0x0000000000000034
RIP=0x00007ffc3e3640fc, EFLAGS=0x0000000000010202

Top of Stack: (sp=0x000000435d5ff2f0)
0x000000435d5ff2f0:   000000435d5ff340 000000435d5ff308
0x000000435d5ff300:   00000188afe772e0 0000000000000033
0x000000435d5ff310:   00000188bafbfcb0 00000188afeb9800
0x000000435d5ff320:   00000188bafbfc42 00000043000000e6
0x000000435d5ff330:   00007c098cc593f4 000001888cecf2d8
0x000000435d5ff340:   00000188bafbfc4f 000000435d5ff3d0
0x000000435d5ff350:   000000435d5ff570 00007ffc3e366651
0x000000435d5ff360:   00000188bafbfc4e 000000000000001f
0x000000435d5ff370:   000000435d5ff400 00000188bafbfc42
0x000000435d5ff380:   000000430000001f 000000435d5ff400
0x000000435d5ff390:   0000000000000034 00000000000000b4
0x000000435d5ff3a0:   00000000000000b4 00007ffc3e366f1e
0x000000435d5ff3b0:   000000435d5ff570 000000435d5ff400
0x000000435d5ff3c0:   00000188bafbfc4f 6666666666666667
0x000000435d5ff3d0:   00000188bafbfcb0 00000188afeb9800
0x000000435d5ff3e0:   000000220000001f 000000b400000034 

Instructions: (pc=0x00007ffc3e3640fc)
0x00007ffc3e3640dc:   8b cf e8 bd 75 f1 ff 8b d0 48 8b cf e8 03 a6 f1
0x00007ffc3e3640ec:   ff 48 63 c8 48 8b 44 cf 40 48 8d 3d 8c ad 72 00
0x00007ffc3e3640fc:   0f b6 48 06 8b 05 7e ad 72 00 80 f9 4c 74 2b 80
0x00007ffc3e36410c:   f9 5b 74 26 80 f9 4a 74 18 80 f9 44 74 13 80 f9 


VM_Operation (0x000000435dffeff0): GetOrSetLocal, mode: safepoint, requested by thread 0x00000188b10b9800


---------------  P R O C E S S  ---------------

Threads class SMR info:
_java_thread_list=0x00000188b235fdd0, length=20, elements={
0x000001888ced5000, 0x00000188afebf800, 0x00000188b0774800, 0x00000188b07d9800,
0x00000188b07db800, 0x00000188b07de800, 0x00000188b082d000, 0x00000188b0834800,
0x00000188b0770800, 0x00000188b10b9800, 0x00000188b1175800, 0x00000188b1187000,
0x00000188b0fdf000, 0x00000188b0fdc000, 0x00000188b15f5000, 0x00000188b1743000,
0x00000188b1c6d000, 0x00000188b1c6e000, 0x00000188b21f9000, 0x00000188bcb09000
}

Java Threads: ( => current thread )
  0x000001888ced5000 JavaThread "main" [_thread_blocked, id=9692, stack(0x000000435cf00000,0x000000435d000000)]
  0x00000188afebf800 JavaThread "Reference Handler" daemon [_thread_blocked, id=3920, stack(0x000000435d600000,0x000000435d700000)]
  0x00000188b0774800 JavaThread "Finalizer" daemon [_thread_blocked, id=5448, stack(0x000000435d700000,0x000000435d800000)]
  0x00000188b07d9800 JavaThread "Signal Dispatcher" daemon [_thread_blocked, id=3596, stack(0x000000435d800000,0x000000435d900000)]
  0x00000188b07db800 JavaThread "Attach Listener" daemon [_thread_blocked, id=4156, stack(0x000000435d900000,0x000000435da00000)]
  0x00000188b07de800 JavaThread "C2 CompilerThread0" daemon [_thread_blocked, id=9968, stack(0x000000435da00000,0x000000435db00000)]
  0x00000188b082d000 JavaThread "C1 CompilerThread0" daemon [_thread_blocked, id=7384, stack(0x000000435db00000,0x000000435dc00000)]
  0x00000188b0834800 JavaThread "Sweeper thread" daemon [_thread_blocked, id=5928, stack(0x000000435dc00000,0x000000435dd00000)]
  0x00000188b0770800 JavaThread "Common-Cleaner" daemon [_thread_blocked, id=6128, stack(0x000000435dd00000,0x000000435de00000)]
  0x00000188b10b9800 JavaThread "JDWP Transport Listener: dt_socket" daemon [_thread_blocked, id=10592, stack(0x000000435df00000,0x000000435e000000)] _threads_hazard_ptr=0x00000188b235fdd0
  0x00000188b1175800 JavaThread "JDWP Event Helper Thread" daemon [_thread_blocked, id=9360, stack(0x000000435e000000,0x000000435e100000)]
  0x00000188b1187000 JavaThread "JDWP Command Reader" daemon [_thread_in_native, id=10372, stack(0x000000435e100000,0x000000435e200000)]
  0x00000188b0fdf000 JavaThread "Service Thread" daemon [_thread_blocked, id=464, stack(0x000000435e200000,0x000000435e300000)]
  0x00000188b0fdc000 JavaThread "QuantumRenderer-0" daemon [_thread_blocked, id=5824, stack(0x000000435e400000,0x000000435e500000)]
  0x00000188b15f5000 JavaThread "InvokeLaterDispatcher" daemon [_thread_blocked, id=10060, stack(0x000000435eb00000,0x000000435ec00000)]
  0x00000188b1743000 JavaThread "JavaFX Application Thread" [_thread_blocked, id=12120, stack(0x000000435ec00000,0x000000435ed00000)]
  0x00000188b1c6d000 JavaThread "Thread-1" daemon [_thread_blocked, id=6044, stack(0x000000435ee00000,0x000000435ef00000)]
  0x00000188b1c6e000 JavaThread "JavaFX-Launcher" [_thread_blocked, id=7644, stack(0x000000435ef00000,0x000000435f000000)]
  0x00000188b21f9000 JavaThread "Prism Font Disposer" daemon [_thread_blocked, id=2072, stack(0x000000435f300000,0x000000435f400000)]
  0x00000188bcb09000 JavaThread "Cleaner-0" daemon [_thread_blocked, id=7108, stack(0x000000435f400000,0x000000435f500000)]

Other Threads:
=>0x00000188afeb9800 VMThread "VM Thread" [stack: 0x000000435d500000,0x000000435d600000] [id=6212]
  0x00000188b0f56800 WatcherThread [stack: 0x000000435e300000,0x000000435e400000] [id=2696]
  0x000001888ceed000 GCTaskThread "GC Thread#0" [stack: 0x000000435d000000,0x000000435d100000] [id=4132]
  0x00000188b0f94000 GCTaskThread "GC Thread#1" [stack: 0x000000435e500000,0x000000435e600000] [id=7116]
  0x00000188b1147000 GCTaskThread "GC Thread#2" [stack: 0x000000435e600000,0x000000435e700000] [id=7068]
  0x00000188b14c4000 GCTaskThread "GC Thread#3" [stack: 0x000000435e700000,0x000000435e800000] [id=8748]
  0x000001888cf49800 ConcurrentGCThread "G1 Main Marker" [stack: 0x000000435d100000,0x000000435d200000] [id=1512]
  0x000001888cf4c000 ConcurrentGCThread "G1 Conc#0" [stack: 0x000000435d200000,0x000000435d300000] [id=1036]
  0x00000188afd9c800 ConcurrentGCThread "G1 Refine#0" [stack: 0x000000435d300000,0x000000435d400000] [id=5148]
  0x00000188afd9d800 ConcurrentGCThread "G1 Young RemSet Sampling" [stack: 0x000000435d400000,0x000000435d500000] [id=10204]

Threads with active compile tasks:

VM state:at safepoint (normal execution)

VM Mutex/Monitor currently owned by a thread:  ([mutex/lock_event])
[0x000001888ced4c90] Threads_lock - owner thread: 0x00000188afeb9800

Heap address: 0x0000000700a00000, size: 4086 MB, Compressed Oops mode: Zero based, Oop shift amount: 3
Narrow klass base: 0x0000000800000000, Narrow klass shift: 0
Compressed class space size: 1073741824 Address: 0x0000000800000000

Heap:
 garbage-first heap   total 262144K, used 34186K [0x0000000700a00000, 0x0000000800000000)
  region size 1024K, 34 young (34816K), 7 survivors (7168K)
 Metaspace       used 25171K, capacity 26209K, committed 26288K, reserved 1071104K
  class space    used 3280K, capacity 3724K, committed 3760K, reserved 1048576K
Heap Regions: E=young(eden), S=young(survivor), O=old, HS=humongous(starts), HC=humongous(continues), CS=collection set, F=free, A=archive, TAMS=top-at-mark-start (previous, next)
|   0|0x0000000700a00000, 0x0000000700b00000, 0x0000000700b00000|100%|HS|  |TAMS 0x0000000700a00000, 0x0000000700a00000| Complete 
|   1|0x0000000700b00000, 0x0000000700c00000, 0x0000000700c00000|100%|HC|  |TAMS 0x0000000700b00000, 0x0000000700b00000| Complete 
|   2|0x0000000700c00000, 0x0000000700c00000, 0x0000000700d00000|  0%| F|  |TAMS 0x0000000700c00000, 0x0000000700c00000| Untracked 
|   3|0x0000000700d00000, 0x0000000700d00000, 0x0000000700e00000|  0%| F|  |TAMS 0x0000000700d00000, 0x0000000700d00000| Untracked 
|   4|0x0000000700e00000, 0x0000000700e00000, 0x0000000700f00000|  0%| F|  |TAMS 0x0000000700e00000, 0x0000000700e00000| Untracked 
|   5|0x0000000700f00000, 0x0000000700f00000, 0x0000000701000000|  0%| F|  |TAMS 0x0000000700f00000, 0x0000000700f00000| Untracked 
|   6|0x0000000701000000, 0x0000000701000000, 0x0000000701100000|  0%| F|  |TAMS 0x0000000701000000, 0x0000000701000000| Untracked 
|   7|0x0000000701100000, 0x0000000701100000, 0x0000000701200000|  0%| F|  |TAMS 0x0000000701100000, 0x0000000701100000| Untracked 
|   8|0x0000000701200000, 0x0000000701200000, 0x0000000701300000|  0%| F|  |TAMS 0x0000000701200000, 0x0000000701200000| Untracked 
|   9|0x0000000701300000, 0x0000000701300000, 0x0000000701400000|  0%| F|  |TAMS 0x0000000701300000, 0x0000000701300000| Untracked 
|  10|0x0000000701400000, 0x0000000701400000, 0x0000000701500000|  0%| F|  |TAMS 0x0000000701400000, 0x0000000701400000| Untracked 
|  11|0x0000000701500000, 0x0000000701500000, 0x0000000701600000|  0%| F|  |TAMS 0x0000000701500000, 0x0000000701500000| Untracked 
|  12|0x0000000701600000, 0x0000000701600000, 0x0000000701700000|  0%| F|  |TAMS 0x0000000701600000, 0x0000000701600000| Untracked 
|  13|0x0000000701700000, 0x0000000701700000, 0x0000000701800000|  0%| F|  |TAMS 0x0000000701700000, 0x0000000701700000| Untracked 
|  14|0x0000000701800000, 0x0000000701800000, 0x0000000701900000|  0%| F|  |TAMS 0x0000000701800000, 0x0000000701800000| Untracked 
|  15|0x0000000701900000, 0x0000000701900000, 0x0000000701a00000|  0%| F|  |TAMS 0x0000000701900000, 0x0000000701900000| Untracked 
|  16|0x0000000701a00000, 0x0000000701a00000, 0x0000000701b00000|  0%| F|  |TAMS 0x0000000701a00000, 0x0000000701a00000| Untracked 
|  17|0x0000000701b00000, 0x0000000701b00000, 0x0000000701c00000|  0%| F|  |TAMS 0x0000000701b00000, 0x0000000701b00000| Untracked 
|  18|0x0000000701c00000, 0x0000000701c00000, 0x0000000701d00000|  0%| F|  |TAMS 0x0000000701c00000, 0x0000000701c00000| Untracked 
|  19|0x0000000701d00000, 0x0000000701d00000, 0x0000000701e00000|  0%| F|  |TAMS 0x0000000701d00000, 0x0000000701d00000| Untracked 
|  20|0x0000000701e00000, 0x0000000701e00000, 0x0000000701f00000|  0%| F|  |TAMS 0x0000000701e00000, 0x0000000701e00000| Untracked 
|  21|0x0000000701f00000, 0x0000000701f00000, 0x0000000702000000|  0%| F|  |TAMS 0x0000000701f00000, 0x0000000701f00000| Untracked 
|  22|0x0000000702000000, 0x0000000702000000, 0x0000000702100000|  0%| F|  |TAMS 0x0000000702000000, 0x0000000702000000| Untracked 
|  23|0x0000000702100000, 0x0000000702100000, 0x0000000702200000|  0%| F|  |TAMS 0x0000000702100000, 0x0000000702100000| Untracked 
|  24|0x0000000702200000, 0x0000000702200000, 0x0000000702300000|  0%| F|  |TAMS 0x0000000702200000, 0x0000000702200000| Untracked 
|  25|0x0000000702300000, 0x0000000702300000, 0x0000000702400000|  0%| F|  |TAMS 0x0000000702300000, 0x0000000702300000| Untracked 
|  26|0x0000000702400000, 0x0000000702400000, 0x0000000702500000|  0%| F|  |TAMS 0x0000000702400000, 0x0000000702400000| Untracked 
|  27|0x0000000702500000, 0x0000000702500000, 0x0000000702600000|  0%| F|  |TAMS 0x0000000702500000, 0x0000000702500000| Untracked 
|  28|0x0000000702600000, 0x0000000702600000, 0x0000000702700000|  0%| F|  |TAMS 0x0000000702600000, 0x0000000702600000| Untracked 
|  29|0x0000000702700000, 0x0000000702700000, 0x0000000702800000|  0%| F|  |TAMS 0x0000000702700000, 0x0000000702700000| Untracked 
|  30|0x0000000702800000, 0x0000000702800000, 0x0000000702900000|  0%| F|  |TAMS 0x0000000702800000, 0x0000000702800000| Untracked 
|  31|0x0000000702900000, 0x0000000702900000, 0x0000000702a00000|  0%| F|  |TAMS 0x0000000702900000, 0x0000000702900000| Untracked 
|  32|0x0000000702a00000, 0x0000000702a00000, 0x0000000702b00000|  0%| F|  |TAMS 0x0000000702a00000, 0x0000000702a00000| Untracked 
|  33|0x0000000702b00000, 0x0000000702b00000, 0x0000000702c00000|  0%| F|  |TAMS 0x0000000702b00000, 0x0000000702b00000| Untracked 
|  34|0x0000000702c00000, 0x0000000702c00000, 0x0000000702d00000|  0%| F|  |TAMS 0x0000000702c00000, 0x0000000702c00000| Untracked 
|  35|0x0000000702d00000, 0x0000000702d00000, 0x0000000702e00000|  0%| F|  |TAMS 0x0000000702d00000, 0x0000000702d00000| Untracked 
|  36|0x0000000702e00000, 0x0000000702e00000, 0x0000000702f00000|  0%| F|  |TAMS 0x0000000702e00000, 0x0000000702e00000| Untracked 
|  37|0x0000000702f00000, 0x0000000702f00000, 0x0000000703000000|  0%| F|  |TAMS 0x0000000702f00000, 0x0000000702f00000| Untracked 
|  38|0x0000000703000000, 0x0000000703000000, 0x0000000703100000|  0%| F|  |TAMS 0x0000000703000000, 0x0000000703000000| Untracked 
|  39|0x0000000703100000, 0x0000000703100000, 0x0000000703200000|  0%| F|  |TAMS 0x0000000703100000, 0x0000000703100000| Untracked 
|  40|0x0000000703200000, 0x0000000703200000, 0x0000000703300000|  0%| F|  |TAMS 0x0000000703200000, 0x0000000703200000| Untracked 
|  41|0x0000000703300000, 0x0000000703300000, 0x0000000703400000|  0%| F|  |TAMS 0x0000000703300000, 0x0000000703300000| Untracked 
|  42|0x0000000703400000, 0x0000000703400000, 0x0000000703500000|  0%| F|  |TAMS 0x0000000703400000, 0x0000000703400000| Untracked 
|  43|0x0000000703500000, 0x0000000703500000, 0x0000000703600000|  0%| F|  |TAMS 0x0000000703500000, 0x0000000703500000| Untracked 
|  44|0x0000000703600000, 0x0000000703600000, 0x0000000703700000|  0%| F|  |TAMS 0x0000000703600000, 0x0000000703600000| Untracked 
|  45|0x0000000703700000, 0x0000000703700000, 0x0000000703800000|  0%| F|  |TAMS 0x0000000703700000, 0x0000000703700000| Untracked 
|  46|0x0000000703800000, 0x0000000703800000, 0x0000000703900000|  0%| F|  |TAMS 0x0000000703800000, 0x0000000703800000| Untracked 
|  47|0x0000000703900000, 0x0000000703900000, 0x0000000703a00000|  0%| F|  |TAMS 0x0000000703900000, 0x0000000703900000| Untracked 
|  48|0x0000000703a00000, 0x0000000703a00000, 0x0000000703b00000|  0%| F|  |TAMS 0x0000000703a00000, 0x0000000703a00000| Untracked 
|  49|0x0000000703b00000, 0x0000000703b00000, 0x0000000703c00000|  0%| F|  |TAMS 0x0000000703b00000, 0x0000000703b00000| Untracked 
|  50|0x0000000703c00000, 0x0000000703c00000, 0x0000000703d00000|  0%| F|  |TAMS 0x0000000703c00000, 0x0000000703c00000| Untracked 
|  51|0x0000000703d00000, 0x0000000703d00000, 0x0000000703e00000|  0%| F|  |TAMS 0x0000000703d00000, 0x0000000703d00000| Untracked 
|  52|0x0000000703e00000, 0x0000000703e00000, 0x0000000703f00000|  0%| F|  |TAMS 0x0000000703e00000, 0x0000000703e00000| Untracked 
|  53|0x0000000703f00000, 0x0000000703f00000, 0x0000000704000000|  0%| F|  |TAMS 0x0000000703f00000, 0x0000000703f00000| Untracked 
|  54|0x0000000704000000, 0x0000000704000000, 0x0000000704100000|  0%| F|  |TAMS 0x0000000704000000, 0x0000000704000000| Untracked 
|  55|0x0000000704100000, 0x0000000704100000, 0x0000000704200000|  0%| F|  |TAMS 0x0000000704100000, 0x0000000704100000| Untracked 
|  56|0x0000000704200000, 0x0000000704200000, 0x0000000704300000|  0%| F|  |TAMS 0x0000000704200000, 0x0000000704200000| Untracked 
|  57|0x0000000704300000, 0x0000000704300000, 0x0000000704400000|  0%| F|  |TAMS 0x0000000704300000, 0x0000000704300000| Untracked 
|  58|0x0000000704400000, 0x0000000704400000, 0x0000000704500000|  0%| F|  |TAMS 0x0000000704400000, 0x0000000704400000| Untracked 
|  59|0x0000000704500000, 0x0000000704500000, 0x0000000704600000|  0%| F|  |TAMS 0x0000000704500000, 0x0000000704500000| Untracked 
|  60|0x0000000704600000, 0x0000000704600000, 0x0000000704700000|  0%| F|  |TAMS 0x0000000704600000, 0x0000000704600000| Untracked 
|  61|0x0000000704700000, 0x0000000704700000, 0x0000000704800000|  0%| F|  |TAMS 0x0000000704700000, 0x0000000704700000| Untracked 
|  62|0x0000000704800000, 0x0000000704800000, 0x0000000704900000|  0%| F|  |TAMS 0x0000000704800000, 0x0000000704800000| Untracked 
|  63|0x0000000704900000, 0x0000000704900000, 0x0000000704a00000|  0%| F|  |TAMS 0x0000000704900000, 0x0000000704900000| Untracked 
|  64|0x0000000704a00000, 0x0000000704a00000, 0x0000000704b00000|  0%| F|  |TAMS 0x0000000704a00000, 0x0000000704a00000| Untracked 
|  65|0x0000000704b00000, 0x0000000704b00000, 0x0000000704c00000|  0%| F|  |TAMS 0x0000000704b00000, 0x0000000704b00000| Untracked 
|  66|0x0000000704c00000, 0x0000000704c00000, 0x0000000704d00000|  0%| F|  |TAMS 0x0000000704c00000, 0x0000000704c00000| Untracked 
|  67|0x0000000704d00000, 0x0000000704d00000, 0x0000000704e00000|  0%| F|  |TAMS 0x0000000704d00000, 0x0000000704d00000| Untracked 
|  68|0x0000000704e00000, 0x0000000704e00000, 0x0000000704f00000|  0%| F|  |TAMS 0x0000000704e00000, 0x0000000704e00000| Untracked 
|  69|0x0000000704f00000, 0x0000000704f00000, 0x0000000705000000|  0%| F|  |TAMS 0x0000000704f00000, 0x0000000704f00000| Untracked 
|  70|0x0000000705000000, 0x0000000705000000, 0x0000000705100000|  0%| F|  |TAMS 0x0000000705000000, 0x0000000705000000| Untracked 
|  71|0x0000000705100000, 0x0000000705100000, 0x0000000705200000|  0%| F|  |TAMS 0x0000000705100000, 0x0000000705100000| Untracked 
|  72|0x0000000705200000, 0x0000000705200000, 0x0000000705300000|  0%| F|  |TAMS 0x0000000705200000, 0x0000000705200000| Untracked 
|  73|0x0000000705300000, 0x0000000705300000, 0x0000000705400000|  0%| F|  |TAMS 0x0000000705300000, 0x0000000705300000| Untracked 
|  74|0x0000000705400000, 0x0000000705400000, 0x0000000705500000|  0%| F|  |TAMS 0x0000000705400000, 0x0000000705400000| Untracked 
|  75|0x0000000705500000, 0x0000000705500000, 0x0000000705600000|  0%| F|  |TAMS 0x0000000705500000, 0x0000000705500000| Untracked 
|  76|0x0000000705600000, 0x0000000705600000, 0x0000000705700000|  0%| F|  |TAMS 0x0000000705600000, 0x0000000705600000| Untracked 
|  77|0x0000000705700000, 0x0000000705700000, 0x0000000705800000|  0%| F|  |TAMS 0x0000000705700000, 0x0000000705700000| Untracked 
|  78|0x0000000705800000, 0x0000000705800000, 0x0000000705900000|  0%| F|  |TAMS 0x0000000705800000, 0x0000000705800000| Untracked 
|  79|0x0000000705900000, 0x0000000705900000, 0x0000000705a00000|  0%| F|  |TAMS 0x0000000705900000, 0x0000000705900000| Untracked 
|  80|0x0000000705a00000, 0x0000000705a00000, 0x0000000705b00000|  0%| F|  |TAMS 0x0000000705a00000, 0x0000000705a00000| Untracked 
|  81|0x0000000705b00000, 0x0000000705b00000, 0x0000000705c00000|  0%| F|  |TAMS 0x0000000705b00000, 0x0000000705b00000| Untracked 
|  82|0x0000000705c00000, 0x0000000705c00000, 0x0000000705d00000|  0%| F|  |TAMS 0x0000000705c00000, 0x0000000705c00000| Untracked 
|  83|0x0000000705d00000, 0x0000000705d00000, 0x0000000705e00000|  0%| F|  |TAMS 0x0000000705d00000, 0x0000000705d00000| Untracked 
|  84|0x0000000705e00000, 0x0000000705e00000, 0x0000000705f00000|  0%| F|  |TAMS 0x0000000705e00000, 0x0000000705e00000| Untracked 
|  85|0x0000000705f00000, 0x0000000705f00000, 0x0000000706000000|  0%| F|  |TAMS 0x0000000705f00000, 0x0000000705f00000| Untracked 
|  86|0x0000000706000000, 0x0000000706000000, 0x0000000706100000|  0%| F|  |TAMS 0x0000000706000000, 0x0000000706000000| Untracked 
|  87|0x0000000706100000, 0x0000000706100000, 0x0000000706200000|  0%| F|  |TAMS 0x0000000706100000, 0x0000000706100000| Untracked 
|  88|0x0000000706200000, 0x0000000706200000, 0x0000000706300000|  0%| F|  |TAMS 0x0000000706200000, 0x0000000706200000| Untracked 
|  89|0x0000000706300000, 0x0000000706300000, 0x0000000706400000|  0%| F|  |TAMS 0x0000000706300000, 0x0000000706300000| Untracked 
|  90|0x0000000706400000, 0x0000000706400000, 0x0000000706500000|  0%| F|  |TAMS 0x0000000706400000, 0x0000000706400000| Untracked 
|  91|0x0000000706500000, 0x0000000706500000, 0x0000000706600000|  0%| F|  |TAMS 0x0000000706500000, 0x0000000706500000| Untracked 
|  92|0x0000000706600000, 0x0000000706600000, 0x0000000706700000|  0%| F|  |TAMS 0x0000000706600000, 0x0000000706600000| Untracked 
|  93|0x0000000706700000, 0x0000000706700000, 0x0000000706800000|  0%| F|  |TAMS 0x0000000706700000, 0x0000000706700000| Untracked 
|  94|0x0000000706800000, 0x0000000706800000, 0x0000000706900000|  0%| F|  |TAMS 0x0000000706800000, 0x0000000706800000| Untracked 
|  95|0x0000000706900000, 0x0000000706900000, 0x0000000706a00000|  0%| F|  |TAMS 0x0000000706900000, 0x0000000706900000| Untracked 
|  96|0x0000000706a00000, 0x0000000706a00000, 0x0000000706b00000|  0%| F|  |TAMS 0x0000000706a00000, 0x0000000706a00000| Untracked 
|  97|0x0000000706b00000, 0x0000000706b00000, 0x0000000706c00000|  0%| F|  |TAMS 0x0000000706b00000, 0x0000000706b00000| Untracked 
|  98|0x0000000706c00000, 0x0000000706c00000, 0x0000000706d00000|  0%| F|  |TAMS 0x0000000706c00000, 0x0000000706c00000| Untracked 
|  99|0x0000000706d00000, 0x0000000706d00000, 0x0000000706e00000|  0%| F|  |TAMS 0x0000000706d00000, 0x0000000706d00000| Untracked 
| 100|0x0000000706e00000, 0x0000000706e00000, 0x0000000706f00000|  0%| F|  |TAMS 0x0000000706e00000, 0x0000000706e00000| Untracked 
| 101|0x0000000706f00000, 0x0000000706f00000, 0x0000000707000000|  0%| F|  |TAMS 0x0000000706f00000, 0x0000000706f00000| Untracked 
| 102|0x0000000707000000, 0x0000000707000000, 0x0000000707100000|  0%| F|  |TAMS 0x0000000707000000, 0x0000000707000000| Untracked 
| 103|0x0000000707100000, 0x0000000707100000, 0x0000000707200000|  0%| F|  |TAMS 0x0000000707100000, 0x0000000707100000| Untracked 
| 104|0x0000000707200000, 0x0000000707200000, 0x0000000707300000|  0%| F|  |TAMS 0x0000000707200000, 0x0000000707200000| Untracked 
| 105|0x0000000707300000, 0x0000000707300000, 0x0000000707400000|  0%| F|  |TAMS 0x0000000707300000, 0x0000000707300000| Untracked 
| 106|0x0000000707400000, 0x0000000707400000, 0x0000000707500000|  0%| F|  |TAMS 0x0000000707400000, 0x0000000707400000| Untracked 
| 107|0x0000000707500000, 0x0000000707500000, 0x0000000707600000|  0%| F|  |TAMS 0x0000000707500000, 0x0000000707500000| Untracked 
| 108|0x0000000707600000, 0x0000000707600000, 0x0000000707700000|  0%| F|  |TAMS 0x0000000707600000, 0x0000000707600000| Untracked 
| 109|0x0000000707700000, 0x0000000707700000, 0x0000000707800000|  0%| F|  |TAMS 0x0000000707700000, 0x0000000707700000| Untracked 
| 110|0x0000000707800000, 0x0000000707800000, 0x0000000707900000|  0%| F|  |TAMS 0x0000000707800000, 0x0000000707800000| Untracked 
| 111|0x0000000707900000, 0x0000000707900000, 0x0000000707a00000|  0%| F|  |TAMS 0x0000000707900000, 0x0000000707900000| Untracked 
| 112|0x0000000707a00000, 0x0000000707a00000, 0x0000000707b00000|  0%| F|  |TAMS 0x0000000707a00000, 0x0000000707a00000| Untracked 
| 113|0x0000000707b00000, 0x0000000707b00000, 0x0000000707c00000|  0%| F|  |TAMS 0x0000000707b00000, 0x0000000707b00000| Untracked 
| 114|0x0000000707c00000, 0x0000000707c00000, 0x0000000707d00000|  0%| F|  |TAMS 0x0000000707c00000, 0x0000000707c00000| Untracked 
| 115|0x0000000707d00000, 0x0000000707d00000, 0x0000000707e00000|  0%| F|  |TAMS 0x0000000707d00000, 0x0000000707d00000| Untracked 
| 116|0x0000000707e00000, 0x0000000707e00000, 0x0000000707f00000|  0%| F|  |TAMS 0x0000000707e00000, 0x0000000707e00000| Untracked 
| 117|0x0000000707f00000, 0x0000000707f00000, 0x0000000708000000|  0%| F|  |TAMS 0x0000000707f00000, 0x0000000707f00000| Untracked 
| 118|0x0000000708000000, 0x0000000708000000, 0x0000000708100000|  0%| F|  |TAMS 0x0000000708000000, 0x0000000708000000| Untracked 
| 119|0x0000000708100000, 0x0000000708100000, 0x0000000708200000|  0%| F|  |TAMS 0x0000000708100000, 0x0000000708100000| Untracked 
| 120|0x0000000708200000, 0x0000000708200000, 0x0000000708300000|  0%| F|  |TAMS 0x0000000708200000, 0x0000000708200000| Untracked 
| 121|0x0000000708300000, 0x0000000708300000, 0x0000000708400000|  0%| F|  |TAMS 0x0000000708300000, 0x0000000708300000| Untracked 
| 122|0x0000000708400000, 0x0000000708400000, 0x0000000708500000|  0%| F|  |TAMS 0x0000000708400000, 0x0000000708400000| Untracked 
| 123|0x0000000708500000, 0x0000000708500000, 0x0000000708600000|  0%| F|  |TAMS 0x0000000708500000, 0x0000000708500000| Untracked 
| 124|0x0000000708600000, 0x0000000708600000, 0x0000000708700000|  0%| F|  |TAMS 0x0000000708600000, 0x0000000708600000| Untracked 
| 125|0x0000000708700000, 0x0000000708700000, 0x0000000708800000|  0%| F|  |TAMS 0x0000000708700000, 0x0000000708700000| Untracked 
| 126|0x0000000708800000, 0x0000000708800000, 0x0000000708900000|  0%| F|  |TAMS 0x0000000708800000, 0x0000000708800000| Untracked 
| 127|0x0000000708900000, 0x0000000708900000, 0x0000000708a00000|  0%| F|  |TAMS 0x0000000708900000, 0x0000000708900000| Untracked 
| 128|0x0000000708a00000, 0x0000000708a00000, 0x0000000708b00000|  0%| F|  |TAMS 0x0000000708a00000, 0x0000000708a00000| Untracked 
| 129|0x0000000708b00000, 0x0000000708b00000, 0x0000000708c00000|  0%| F|  |TAMS 0x0000000708b00000, 0x0000000708b00000| Untracked 
| 130|0x0000000708c00000, 0x0000000708c00000, 0x0000000708d00000|  0%| F|  |TAMS 0x0000000708c00000, 0x0000000708c00000| Untracked 
| 131|0x0000000708d00000, 0x0000000708d00000, 0x0000000708e00000|  0%| F|  |TAMS 0x0000000708d00000, 0x0000000708d00000| Untracked 
| 132|0x0000000708e00000, 0x0000000708e00000, 0x0000000708f00000|  0%| F|  |TAMS 0x0000000708e00000, 0x0000000708e00000| Untracked 
| 133|0x0000000708f00000, 0x0000000708f00000, 0x0000000709000000|  0%| F|  |TAMS 0x0000000708f00000, 0x0000000708f00000| Untracked 
| 134|0x0000000709000000, 0x0000000709000000, 0x0000000709100000|  0%| F|  |TAMS 0x0000000709000000, 0x0000000709000000| Untracked 
| 135|0x0000000709100000, 0x0000000709100000, 0x0000000709200000|  0%| F|  |TAMS 0x0000000709100000, 0x0000000709100000| Untracked 
| 136|0x0000000709200000, 0x0000000709200000, 0x0000000709300000|  0%| F|  |TAMS 0x0000000709200000, 0x0000000709200000| Untracked 
| 137|0x0000000709300000, 0x0000000709300000, 0x0000000709400000|  0%| F|  |TAMS 0x0000000709300000, 0x0000000709300000| Untracked 
| 138|0x0000000709400000, 0x0000000709400000, 0x0000000709500000|  0%| F|  |TAMS 0x0000000709400000, 0x0000000709400000| Untracked 
| 139|0x0000000709500000, 0x0000000709500000, 0x0000000709600000|  0%| F|  |TAMS 0x0000000709500000, 0x0000000709500000| Untracked 
| 140|0x0000000709600000, 0x0000000709600000, 0x0000000709700000|  0%| F|  |TAMS 0x0000000709600000, 0x0000000709600000| Untracked 
| 141|0x0000000709700000, 0x0000000709700000, 0x0000000709800000|  0%| F|  |TAMS 0x0000000709700000, 0x0000000709700000| Untracked 
| 142|0x0000000709800000, 0x0000000709800000, 0x0000000709900000|  0%| F|  |TAMS 0x0000000709800000, 0x0000000709800000| Untracked 
| 143|0x0000000709900000, 0x0000000709900000, 0x0000000709a00000|  0%| F|  |TAMS 0x0000000709900000, 0x0000000709900000| Untracked 
| 144|0x0000000709a00000, 0x0000000709a00000, 0x0000000709b00000|  0%| F|  |TAMS 0x0000000709a00000, 0x0000000709a00000| Untracked 
| 145|0x0000000709b00000, 0x0000000709b00000, 0x0000000709c00000|  0%| F|  |TAMS 0x0000000709b00000, 0x0000000709b00000| Untracked 
| 146|0x0000000709c00000, 0x0000000709c00000, 0x0000000709d00000|  0%| F|  |TAMS 0x0000000709c00000, 0x0000000709c00000| Untracked 
| 147|0x0000000709d00000, 0x0000000709d00000, 0x0000000709e00000|  0%| F|  |TAMS 0x0000000709d00000, 0x0000000709d00000| Untracked 
| 148|0x0000000709e00000, 0x0000000709e00000, 0x0000000709f00000|  0%| F|  |TAMS 0x0000000709e00000, 0x0000000709e00000| Untracked 
| 149|0x0000000709f00000, 0x0000000709f00000, 0x000000070a000000|  0%| F|  |TAMS 0x0000000709f00000, 0x0000000709f00000| Untracked 
| 150|0x000000070a000000, 0x000000070a000000, 0x000000070a100000|  0%| F|  |TAMS 0x000000070a000000, 0x000000070a000000| Untracked 
| 151|0x000000070a100000, 0x000000070a100000, 0x000000070a200000|  0%| F|  |TAMS 0x000000070a100000, 0x000000070a100000| Untracked 
| 152|0x000000070a200000, 0x000000070a200000, 0x000000070a300000|  0%| F|  |TAMS 0x000000070a200000, 0x000000070a200000| Untracked 
| 153|0x000000070a300000, 0x000000070a300000, 0x000000070a400000|  0%| F|  |TAMS 0x000000070a300000, 0x000000070a300000| Untracked 
| 154|0x000000070a400000, 0x000000070a400000, 0x000000070a500000|  0%| F|  |TAMS 0x000000070a400000, 0x000000070a400000| Untracked 
| 155|0x000000070a500000, 0x000000070a500000, 0x000000070a600000|  0%| F|  |TAMS 0x000000070a500000, 0x000000070a500000| Untracked 
| 156|0x000000070a600000, 0x000000070a600000, 0x000000070a700000|  0%| F|  |TAMS 0x000000070a600000, 0x000000070a600000| Untracked 
| 157|0x000000070a700000, 0x000000070a700000, 0x000000070a800000|  0%| F|  |TAMS 0x000000070a700000, 0x000000070a700000| Untracked 
| 158|0x000000070a800000, 0x000000070a800000, 0x000000070a900000|  0%| F|  |TAMS 0x000000070a800000, 0x000000070a800000| Untracked 
| 159|0x000000070a900000, 0x000000070a900000, 0x000000070aa00000|  0%| F|  |TAMS 0x000000070a900000, 0x000000070a900000| Untracked 
| 160|0x000000070aa00000, 0x000000070aa00000, 0x000000070ab00000|  0%| F|  |TAMS 0x000000070aa00000, 0x000000070aa00000| Untracked 
| 161|0x000000070ab00000, 0x000000070ab00000, 0x000000070ac00000|  0%| F|  |TAMS 0x000000070ab00000, 0x000000070ab00000| Untracked 
| 162|0x000000070ac00000, 0x000000070ac00000, 0x000000070ad00000|  0%| F|  |TAMS 0x000000070ac00000, 0x000000070ac00000| Untracked 
| 163|0x000000070ad00000, 0x000000070ad00000, 0x000000070ae00000|  0%| F|  |TAMS 0x000000070ad00000, 0x000000070ad00000| Untracked 
| 164|0x000000070ae00000, 0x000000070ae00000, 0x000000070af00000|  0%| F|  |TAMS 0x000000070ae00000, 0x000000070ae00000| Untracked 
| 165|0x000000070af00000, 0x000000070af00000, 0x000000070b000000|  0%| F|  |TAMS 0x000000070af00000, 0x000000070af00000| Untracked 
| 166|0x000000070b000000, 0x000000070b000000, 0x000000070b100000|  0%| F|  |TAMS 0x000000070b000000, 0x000000070b000000| Untracked 
| 167|0x000000070b100000, 0x000000070b100000, 0x000000070b200000|  0%| F|  |TAMS 0x000000070b100000, 0x000000070b100000| Untracked 
| 168|0x000000070b200000, 0x000000070b200000, 0x000000070b300000|  0%| F|  |TAMS 0x000000070b200000, 0x000000070b200000| Untracked 
| 169|0x000000070b300000, 0x000000070b300000, 0x000000070b400000|  0%| F|  |TAMS 0x000000070b300000, 0x000000070b300000| Untracked 
| 170|0x000000070b400000, 0x000000070b400000, 0x000000070b500000|  0%| F|  |TAMS 0x000000070b400000, 0x000000070b400000| Untracked 
| 171|0x000000070b500000, 0x000000070b500000, 0x000000070b600000|  0%| F|  |TAMS 0x000000070b500000, 0x000000070b500000| Untracked 
| 172|0x000000070b600000, 0x000000070b600000, 0x000000070b700000|  0%| F|  |TAMS 0x000000070b600000, 0x000000070b600000| Untracked 
| 173|0x000000070b700000, 0x000000070b700000, 0x000000070b800000|  0%| F|  |TAMS 0x000000070b700000, 0x000000070b700000| Untracked 
| 174|0x000000070b800000, 0x000000070b800000, 0x000000070b900000|  0%| F|  |TAMS 0x000000070b800000, 0x000000070b800000| Untracked 
| 175|0x000000070b900000, 0x000000070b900000, 0x000000070ba00000|  0%| F|  |TAMS 0x000000070b900000, 0x000000070b900000| Untracked 
| 176|0x000000070ba00000, 0x000000070ba00000, 0x000000070bb00000|  0%| F|  |TAMS 0x000000070ba00000, 0x000000070ba00000| Untracked 
| 177|0x000000070bb00000, 0x000000070bb00000, 0x000000070bc00000|  0%| F|  |TAMS 0x000000070bb00000, 0x000000070bb00000| Untracked 
| 178|0x000000070bc00000, 0x000000070bc00000, 0x000000070bd00000|  0%| F|  |TAMS 0x000000070bc00000, 0x000000070bc00000| Untracked 
| 179|0x000000070bd00000, 0x000000070bd00000, 0x000000070be00000|  0%| F|  |TAMS 0x000000070bd00000, 0x000000070bd00000| Untracked 
| 180|0x000000070be00000, 0x000000070be00000, 0x000000070bf00000|  0%| F|  |TAMS 0x000000070be00000, 0x000000070be00000| Untracked 
| 181|0x000000070bf00000, 0x000000070bf00000, 0x000000070c000000|  0%| F|  |TAMS 0x000000070bf00000, 0x000000070bf00000| Untracked 
| 182|0x000000070c000000, 0x000000070c000000, 0x000000070c100000|  0%| F|  |TAMS 0x000000070c000000, 0x000000070c000000| Untracked 
| 183|0x000000070c100000, 0x000000070c100000, 0x000000070c200000|  0%| F|  |TAMS 0x000000070c100000, 0x000000070c100000| Untracked 
| 184|0x000000070c200000, 0x000000070c200000, 0x000000070c300000|  0%| F|  |TAMS 0x000000070c200000, 0x000000070c200000| Untracked 
| 185|0x000000070c300000, 0x000000070c300000, 0x000000070c400000|  0%| F|  |TAMS 0x000000070c300000, 0x000000070c300000| Untracked 
| 186|0x000000070c400000, 0x000000070c400000, 0x000000070c500000|  0%| F|  |TAMS 0x000000070c400000, 0x000000070c400000| Untracked 
| 187|0x000000070c500000, 0x000000070c500000, 0x000000070c600000|  0%| F|  |TAMS 0x000000070c500000, 0x000000070c500000| Untracked 
| 188|0x000000070c600000, 0x000000070c600000, 0x000000070c700000|  0%| F|  |TAMS 0x000000070c600000, 0x000000070c600000| Untracked 
| 189|0x000000070c700000, 0x000000070c700000, 0x000000070c800000|  0%| F|  |TAMS 0x000000070c700000, 0x000000070c700000| Untracked 
| 190|0x000000070c800000, 0x000000070c800000, 0x000000070c900000|  0%| F|  |TAMS 0x000000070c800000, 0x000000070c800000| Untracked 
| 191|0x000000070c900000, 0x000000070c900000, 0x000000070ca00000|  0%| F|  |TAMS 0x000000070c900000, 0x000000070c900000| Untracked 
| 192|0x000000070ca00000, 0x000000070ca00000, 0x000000070cb00000|  0%| F|  |TAMS 0x000000070ca00000, 0x000000070ca00000| Untracked 
| 193|0x000000070cb00000, 0x000000070cb00000, 0x000000070cc00000|  0%| F|  |TAMS 0x000000070cb00000, 0x000000070cb00000| Untracked 
| 194|0x000000070cc00000, 0x000000070cc00000, 0x000000070cd00000|  0%| F|  |TAMS 0x000000070cc00000, 0x000000070cc00000| Untracked 
| 195|0x000000070cd00000, 0x000000070cd00000, 0x000000070ce00000|  0%| F|  |TAMS 0x000000070cd00000, 0x000000070cd00000| Untracked 
| 196|0x000000070ce00000, 0x000000070ce00000, 0x000000070cf00000|  0%| F|  |TAMS 0x000000070ce00000, 0x000000070ce00000| Untracked 
| 197|0x000000070cf00000, 0x000000070cf00000, 0x000000070d000000|  0%| F|  |TAMS 0x000000070cf00000, 0x000000070cf00000| Untracked 
| 198|0x000000070d000000, 0x000000070d000000, 0x000000070d100000|  0%| F|  |TAMS 0x000000070d000000, 0x000000070d000000| Untracked 
| 199|0x000000070d100000, 0x000000070d100000, 0x000000070d200000|  0%| F|  |TAMS 0x000000070d100000, 0x000000070d100000| Untracked 
| 200|0x000000070d200000, 0x000000070d200000, 0x000000070d300000|  0%| F|  |TAMS 0x000000070d200000, 0x000000070d200000| Untracked 
| 201|0x000000070d300000, 0x000000070d300000, 0x000000070d400000|  0%| F|  |TAMS 0x000000070d300000, 0x000000070d300000| Untracked 
| 202|0x000000070d400000, 0x000000070d400000, 0x000000070d500000|  0%| F|  |TAMS 0x000000070d400000, 0x000000070d400000| Untracked 
| 203|0x000000070d500000, 0x000000070d500000, 0x000000070d600000|  0%| F|  |TAMS 0x000000070d500000, 0x000000070d500000| Untracked 
| 204|0x000000070d600000, 0x000000070d600000, 0x000000070d700000|  0%| F|  |TAMS 0x000000070d600000, 0x000000070d600000| Untracked 
| 205|0x000000070d700000, 0x000000070d762880, 0x000000070d800000| 38%| S|CS|TAMS 0x000000070d700000, 0x000000070d700000| Complete 
| 206|0x000000070d800000, 0x000000070d900000, 0x000000070d900000|100%| S|CS|TAMS 0x000000070d800000, 0x000000070d800000| Complete 
| 207|0x000000070d900000, 0x000000070da00000, 0x000000070da00000|100%| S|CS|TAMS 0x000000070d900000, 0x000000070d900000| Complete 
| 208|0x000000070da00000, 0x000000070db00000, 0x000000070db00000|100%| S|CS|TAMS 0x000000070da00000, 0x000000070da00000| Complete 
| 209|0x000000070db00000, 0x000000070dc00000, 0x000000070dc00000|100%| S|CS|TAMS 0x000000070db00000, 0x000000070db00000| Complete 
| 210|0x000000070dc00000, 0x000000070dd00000, 0x000000070dd00000|100%| S|CS|TAMS 0x000000070dc00000, 0x000000070dc00000| Complete 
| 211|0x000000070dd00000, 0x000000070de00000, 0x000000070de00000|100%| S|CS|TAMS 0x000000070dd00000, 0x000000070dd00000| Complete 
| 212|0x000000070de00000, 0x000000070de00000, 0x000000070df00000|  0%| F|  |TAMS 0x000000070de00000, 0x000000070de00000| Untracked 
| 213|0x000000070df00000, 0x000000070df00000, 0x000000070e000000|  0%| F|  |TAMS 0x000000070df00000, 0x000000070df00000| Untracked 
| 214|0x000000070e000000, 0x000000070e000000, 0x000000070e100000|  0%| F|  |TAMS 0x000000070e000000, 0x000000070e000000| Untracked 
| 215|0x000000070e100000, 0x000000070e100000, 0x000000070e200000|  0%| F|  |TAMS 0x000000070e100000, 0x000000070e100000| Untracked 
| 216|0x000000070e200000, 0x000000070e200000, 0x000000070e300000|  0%| F|  |TAMS 0x000000070e200000, 0x000000070e200000| Untracked 
| 217|0x000000070e300000, 0x000000070e300000, 0x000000070e400000|  0%| F|  |TAMS 0x000000070e300000, 0x000000070e300000| Untracked 
| 218|0x000000070e400000, 0x000000070e400000, 0x000000070e500000|  0%| F|  |TAMS 0x000000070e400000, 0x000000070e400000| Untracked 
| 219|0x000000070e500000, 0x000000070e500000, 0x000000070e600000|  0%| F|  |TAMS 0x000000070e500000, 0x000000070e500000| Untracked 
| 220|0x000000070e600000, 0x000000070e600000, 0x000000070e700000|  0%| F|  |TAMS 0x000000070e600000, 0x000000070e600000| Untracked 
| 221|0x000000070e700000, 0x000000070e700000, 0x000000070e800000|  0%| F|  |TAMS 0x000000070e700000, 0x000000070e700000| Untracked 
| 222|0x000000070e800000, 0x000000070e800000, 0x000000070e900000|  0%| F|  |TAMS 0x000000070e800000, 0x000000070e800000| Untracked 
| 223|0x000000070e900000, 0x000000070e900000, 0x000000070ea00000|  0%| F|  |TAMS 0x000000070e900000, 0x000000070e900000| Untracked 
| 224|0x000000070ea00000, 0x000000070ea00000, 0x000000070eb00000|  0%| F|  |TAMS 0x000000070ea00000, 0x000000070ea00000| Untracked 
| 225|0x000000070eb00000, 0x000000070eb00000, 0x000000070ec00000|  0%| F|  |TAMS 0x000000070eb00000, 0x000000070eb00000| Untracked 
| 226|0x000000070ec00000, 0x000000070ec00000, 0x000000070ed00000|  0%| F|  |TAMS 0x000000070ec00000, 0x000000070ec00000| Untracked 
| 227|0x000000070ed00000, 0x000000070ed00000, 0x000000070ee00000|  0%| F|  |TAMS 0x000000070ed00000, 0x000000070ed00000| Untracked 
| 228|0x000000070ee00000, 0x000000070ee00000, 0x000000070ef00000|  0%| F|  |TAMS 0x000000070ee00000, 0x000000070ee00000| Untracked 
| 229|0x000000070ef00000, 0x000000070efc4428, 0x000000070f000000| 76%| E|  |TAMS 0x000000070ef00000, 0x000000070ef00000| Complete 
| 230|0x000000070f000000, 0x000000070f100000, 0x000000070f100000|100%| E|CS|TAMS 0x000000070f000000, 0x000000070f000000| Complete 
| 231|0x000000070f100000, 0x000000070f200000, 0x000000070f200000|100%| E|CS|TAMS 0x000000070f100000, 0x000000070f100000| Complete 
| 232|0x000000070f200000, 0x000000070f300000, 0x000000070f300000|100%| E|CS|TAMS 0x000000070f200000, 0x000000070f200000| Complete 
| 233|0x000000070f300000, 0x000000070f400000, 0x000000070f400000|100%| E|  |TAMS 0x000000070f300000, 0x000000070f300000| Complete 
| 234|0x000000070f400000, 0x000000070f500000, 0x000000070f500000|100%| E|CS|TAMS 0x000000070f400000, 0x000000070f400000| Complete 
| 235|0x000000070f500000, 0x000000070f600000, 0x000000070f600000|100%| E|CS|TAMS 0x000000070f500000, 0x000000070f500000| Complete 
| 236|0x000000070f600000, 0x000000070f700000, 0x000000070f700000|100%| E|CS|TAMS 0x000000070f600000, 0x000000070f600000| Complete 
| 237|0x000000070f700000, 0x000000070f800000, 0x000000070f800000|100%| E|CS|TAMS 0x000000070f700000, 0x000000070f700000| Complete 
| 238|0x000000070f800000, 0x000000070f900000, 0x000000070f900000|100%| E|CS|TAMS 0x000000070f800000, 0x000000070f800000| Complete 
| 239|0x000000070f900000, 0x000000070fa00000, 0x000000070fa00000|100%| E|CS|TAMS 0x000000070f900000, 0x000000070f900000| Complete 
| 240|0x000000070fa00000, 0x000000070fb00000, 0x000000070fb00000|100%| E|CS|TAMS 0x000000070fa00000, 0x000000070fa00000| Complete 
| 241|0x000000070fb00000, 0x000000070fc00000, 0x000000070fc00000|100%| E|CS|TAMS 0x000000070fb00000, 0x000000070fb00000| Complete 
| 242|0x000000070fc00000, 0x000000070fd00000, 0x000000070fd00000|100%| E|CS|TAMS 0x000000070fc00000, 0x000000070fc00000| Complete 
| 243|0x000000070fd00000, 0x000000070fe00000, 0x000000070fe00000|100%| E|CS|TAMS 0x000000070fd00000, 0x000000070fd00000| Complete 
| 244|0x000000070fe00000, 0x000000070ff00000, 0x000000070ff00000|100%| E|CS|TAMS 0x000000070fe00000, 0x000000070fe00000| Complete 
| 245|0x000000070ff00000, 0x0000000710000000, 0x0000000710000000|100%| E|CS|TAMS 0x000000070ff00000, 0x000000070ff00000| Complete 
| 246|0x0000000710000000, 0x0000000710100000, 0x0000000710100000|100%| E|CS|TAMS 0x0000000710000000, 0x0000000710000000| Complete 
| 247|0x0000000710100000, 0x0000000710200000, 0x0000000710200000|100%| E|CS|TAMS 0x0000000710100000, 0x0000000710100000| Complete 
| 248|0x0000000710200000, 0x0000000710300000, 0x0000000710300000|100%| E|CS|TAMS 0x0000000710200000, 0x0000000710200000| Complete 
| 249|0x0000000710300000, 0x0000000710400000, 0x0000000710400000|100%| E|CS|TAMS 0x0000000710300000, 0x0000000710300000| Complete 
| 250|0x0000000710400000, 0x0000000710500000, 0x0000000710500000|100%| E|CS|TAMS 0x0000000710400000, 0x0000000710400000| Complete 
| 251|0x0000000710500000, 0x0000000710600000, 0x0000000710600000|100%| E|CS|TAMS 0x0000000710500000, 0x0000000710500000| Complete 
| 252|0x0000000710600000, 0x0000000710700000, 0x0000000710700000|100%| E|CS|TAMS 0x0000000710600000, 0x0000000710600000| Complete 
| 253|0x0000000710700000, 0x0000000710800000, 0x0000000710800000|100%| E|CS|TAMS 0x0000000710700000, 0x0000000710700000| Complete 
| 254|0x0000000710800000, 0x0000000710900000, 0x0000000710900000|100%| E|CS|TAMS 0x0000000710800000, 0x0000000710800000| Complete 
| 255|0x0000000710900000, 0x0000000710a00000, 0x0000000710a00000|100%| E|CS|TAMS 0x0000000710900000, 0x0000000710900000| Complete 

Card table byte_map: [0x00000188a4a00000,0x00000188a5200000] _byte_map_base: 0x00000188a11fb000

Marking Bits (Prev, Next): (CMBitMap*) 0x000001888cf38d80, (CMBitMap*) 0x000001888cf38d48
 Prev Bits: [0x00000188a99e0000, 0x00000188ad9b8000)
 Next Bits: [0x00000188a5a00000, 0x00000188a99d8000)

Polling page: 0x000001888c6b0000

Metaspace:

Usage:
  Non-class:     21.96 MB capacity,    21.38 MB ( 97%) used,   474.59 KB (  2%) free+waste,   119.25 KB ( <1%) overhead. 
      Class:      3.64 MB capacity,     3.20 MB ( 88%) used,   385.05 KB ( 10%) free+waste,    58.94 KB (  2%) overhead. 
       Both:     25.59 MB capacity,    24.58 MB ( 96%) used,   859.64 KB (  3%) free+waste,   178.19 KB ( <1%) overhead. 

Virtual space:
  Non-class space:       22.00 MB reserved,      22.00 MB (100%) committed 
      Class space:        1.00 GB reserved,       3.67 MB ( <1%) committed 
             Both:        1.02 GB reserved,      25.67 MB (  2%) committed 

Chunk freelists:
   Non-Class:  5.38 KB
       Class:  0 bytes
        Both:  5.38 KB

CodeHeap 'non-profiled nmethods': size=120064Kb used=1652Kb max_used=1652Kb free=118411Kb
 bounds [0x000001889ccc0000, 0x000001889cf30000, 0x00000188a4200000]
CodeHeap 'profiled nmethods': size=120000Kb used=6234Kb max_used=6234Kb free=113765Kb
 bounds [0x0000018895790000, 0x0000018895db0000, 0x000001889ccc0000]
CodeHeap 'non-nmethods': size=5696Kb used=1431Kb max_used=1476Kb free=4264Kb
 bounds [0x0000018895200000, 0x0000018895470000, 0x0000018895790000]
 total_blobs=4430 nmethods=3134 adapters=686
 compilation: enabled
              stopped_count=0, restarted_count=0
 full_count=0

Compilation events (10 events):
Event: 236.715 Thread 0x00000188b082d000 3131       3       com.sun.javafx.tk.quantum.QuantumToolkit$$Lambda$97/0x00000008000fa040::run (8 bytes)
Event: 236.716 Thread 0x00000188b082d000 nmethod 3131 0x0000018895da4c90 code [0x0000018895da4e80, 0x0000018895da5290]
Event: 236.716 Thread 0x00000188b082d000 3132   !   3       com.sun.javafx.tk.quantum.QuantumToolkit::lambda$runToolkit$12 (16 bytes)
Event: 236.716 Thread 0x00000188b082d000 nmethod 3132 0x0000018895da5490 code [0x0000018895da5680, 0x0000018895da5a10]
Event: 236.716 Thread 0x00000188b082d000 3133       3       com.sun.javafx.tk.quantum.QuantumToolkit::setPulseRunning (9 bytes)
Event: 236.716 Thread 0x00000188b082d000 nmethod 3133 0x0000018895da5b90 code [0x0000018895da5de0, 0x0000018895da65d0]
Event: 352.696 Thread 0x00000188b07de800 3134       4       com.sun.javafx.tk.quantum.QuantumToolkit::postPulse (106 bytes)
Event: 352.698 Thread 0x00000188b07de800 nmethod 3134 0x000001889ce5c690 code [0x000001889ce5c840, 0x000001889ce5c9f8]
Event: 352.704 Thread 0x00000188b07de800 3135       4       com.sun.javafx.tk.quantum.QuantumToolkit$$Lambda$97/0x00000008000fa040::run (8 bytes)
Event: 352.706 Thread 0x00000188b07de800 nmethod 3135 0x000001889ce5cb90 code [0x000001889ce5cd40, 0x000001889ce5cf78]

GC Heap History (4 events):
Event: 0.512 GC heap before
{Heap before GC invocations=0 (full 0):
 garbage-first heap   total 262144K, used 14336K [0x0000000700a00000, 0x0000000800000000)
  region size 1024K, 14 young (14336K), 0 survivors (0K)
 Metaspace       used 9083K, capacity 9352K, committed 9472K, reserved 1058816K
  class space    used 900K, capacity 995K, committed 1024K, reserved 1048576K
}
Event: 0.514 GC heap after
{Heap after GC invocations=1 (full 0):
 garbage-first heap   total 262144K, used 1853K [0x0000000700a00000, 0x0000000800000000)
  region size 1024K, 2 young (2048K), 2 survivors (2048K)
 Metaspace       used 9083K, capacity 9352K, committed 9472K, reserved 1058816K
  class space    used 900K, capacity 995K, committed 1024K, reserved 1048576K
}
Event: 1.711 GC heap before
{Heap before GC invocations=1 (full 0):
 garbage-first heap   total 262144K, used 43837K [0x0000000700a00000, 0x0000000800000000)
  region size 1024K, 44 young (45056K), 2 survivors (2048K)
 Metaspace       used 20404K, capacity 21140K, committed 21296K, reserved 1067008K
  class space    used 2569K, capacity 2864K, committed 2864K, reserved 1048576K
}
Event: 1.717 GC heap after
{Heap after GC invocations=2 (full 0):
 garbage-first heap   total 262144K, used 6538K [0x0000000700a00000, 0x0000000800000000)
  region size 1024K, 7 young (7168K), 7 survivors (7168K)
 Metaspace       used 20404K, capacity 21140K, committed 21296K, reserved 1067008K
  class space    used 2569K, capacity 2864K, committed 2864K, reserved 1048576K
}

Deoptimization events (10 events):
Event: 2.017 Thread 0x00000188b1743000 Uncommon trap: reason=unstable_if action=reinterpret pc=0x000001889cd94560 method=com.sun.javafx.css.BitSet.add(Ljava/lang/Object;)Z @ 91 c2
Event: 2.017 Thread 0x00000188b1743000 Uncommon trap: reason=unstable_if action=reinterpret pc=0x000001889cdacec4 method=javafx.css.SimpleSelector.stateMatches(Ljavafx/css/Styleable;Ljava/util/Set;)Z @ 1 c2
Event: 2.177 Thread 0x00000188b1c6d000 Uncommon trap: reason=class_check action=maybe_recompile pc=0x000001889cd5d060 method=java.util.concurrent.ConcurrentHashMap.putVal(Ljava/lang/Object;Ljava/lang/Object;Z)Ljava/lang/Object; @ 242 c2
Event: 2.402 Thread 0x00000188b0fdc000 Uncommon trap: reason=unstable_if action=reinterpret pc=0x000001889cdf1f84 method=java.util.WeakHashMap.eq(Ljava/lang/Object;Ljava/lang/Object;)Z @ 2 c2
Event: 3.297 Thread 0x00000188b1c6d000 Uncommon trap: reason=class_check action=maybe_recompile pc=0x000001889cd5d060 method=java.util.concurrent.ConcurrentHashMap.putVal(Ljava/lang/Object;Ljava/lang/Object;Z)Ljava/lang/Object; @ 242 c2
Event: 3.297 Thread 0x00000188b1743000 Uncommon trap: reason=speculate_null_check action=make_not_entrant pc=0x000001889cdffe1c method=javafx.scene.CssStyleHelper.getStyleHelper(Ljavafx/scene/Node;)Ljavafx/scene/CssStyleHelper; @ 1 c2
Event: 3.488 Thread 0x00000188b1c6d000 Uncommon trap: reason=class_check action=maybe_recompile pc=0x000001889cd5d060 method=java.util.concurrent.ConcurrentHashMap.putVal(Ljava/lang/Object;Ljava/lang/Object;Z)Ljava/lang/Object; @ 242 c2
Event: 3.490 Thread 0x00000188b1743000 Uncommon trap: reason=unstable_if action=reinterpret pc=0x000001889cd36524 method=jdk.internal.org.objectweb.asm.Type.getArgumentsAndReturnSizes(Ljava/lang/String;)I @ 47 c2
Event: 3.490 Thread 0x00000188b1743000 Uncommon trap: reason=unstable_if action=reinterpret pc=0x000001889ce24e88 method=jdk.internal.org.objectweb.asm.Frame.push(Ljdk/internal/org/objectweb/asm/ClassWriter;Ljava/lang/String;)V @ 18 c2
Event: 3.504 Thread 0x00000188b1c6d000 Uncommon trap: reason=class_check action=maybe_recompile pc=0x000001889cd5d060 method=java.util.concurrent.ConcurrentHashMap.putVal(Ljava/lang/Object;Ljava/lang/Object;Z)Ljava/lang/Object; @ 242 c2

Classes redefined (3 events):
Event: 236.645 Thread 0x00000188afeb9800 redefined class name=software1.MainDocumentController, count=1
Event: 352.649 Thread 0x00000188afeb9800 redefined class name=software1.MainDocumentController, count=2
Event: 453.800 Thread 0x00000188afeb9800 redefined class name=software1.MainDocumentController, count=3

Internal exceptions (10 events):
Event: 1.607 Thread 0x00000188b1743000 Exception <a 'java/lang/ClassNotFoundException'{0x000000070e1f2090}: com/sun/javafx/scene/control/skin/resources/controls_en_US> (0x000000070e1f2090) thrown at [t:/workspace/open/src/hotspot/share/prims/jni.cpp, line 636]
Event: 1.648 Thread 0x00000188b1743000 Exception <a 'java/lang/NoSuchMethodError'{0x000000070df2fc68}: java.lang.invoke.DirectMethodHandle$Holder.invokeInterface(Ljava/lang/Object;Ljava/lang/Object;Ljava/lang/Object;)Ljava/lang/Object;> (0x000000070df2fc68) thrown at [t:/workspace/open/src/hot
Event: 1.648 Thread 0x00000188b1743000 Exception <a 'java/lang/IncompatibleClassChangeError'{0x000000070df32e20}: Found class java.lang.Object, but interface was expected> (0x000000070df32e20) thrown at [t:/workspace/open/src/hotspot/share/interpreter/linkResolver.cpp, line 856]
Event: 1.763 Thread 0x00000188b1743000 Exception <a 'java/lang/NoSuchMethodError'{0x0000000710716110}: java.lang.invoke.Invokers$Holder.linkToTargetMethod(Ljava/lang/Object;ILjava/lang/Object;)Ljava/lang/Object;> (0x0000000710716110) thrown at [t:/workspace/open/src/hotspot/share/interpreter/l
Event: 1.897 Thread 0x00000188b1743000 Exception <a 'java/lang/NoSuchMethodError'{0x00000007103c8488}: java.lang.invoke.DirectMethodHandle$Holder.invokeSpecial(Ljava/lang/Object;Ljava/lang/Object;Ljava/lang/Object;Ljava/lang/Object;Ljava/lang/Object;Ljava/lang/Object;)V> (0x00000007103c8488) t
Event: 2.017 Thread 0x00000188b1743000 Implicit null exception at 0x000001889cdabd63 to 0x000001889cdace8a
Event: 3.297 Thread 0x00000188b1743000 Implicit null exception at 0x000001889cdfd8df to 0x000001889cdffdea
Event: 3.490 Thread 0x00000188b1743000 Exception <a 'java/lang/NoSuchMethodError'{0x000000070f0a9430}: java.lang.invoke.DirectMethodHandle$Holder.invokeStaticInit(Ljava/lang/Object;Ljava/lang/Object;Ljava/lang/Object;)J> (0x000000070f0a9430) thrown at [t:/workspace/open/src/hotspot/share/inter
Event: 3.493 Thread 0x00000188b1743000 Exception <a 'java/lang/NoSuchMethodError'{0x000000070f0c1a70}: java.lang.invoke.DirectMethodHandle$Holder.invokeStatic(Ljava/lang/Object;Ljava/lang/Object;J)Ljava/lang/Object;> (0x000000070f0c1a70) thrown at [t:/workspace/open/src/hotspot/share/interpret
Event: 3.494 Thread 0x00000188b1743000 Exception <a 'java/lang/NoSuchMethodError'{0x000000070f0c7e90}: java.lang.invoke.Invokers$Holder.linkToTargetMethod(Ljava/lang/Object;JLjava/lang/Object;)Ljava/lang/Object;> (0x000000070f0c7e90) thrown at [t:/workspace/open/src/hotspot/share/interpreter/l

Events (10 events):
Event: 453.813 Executing VM operation: GetOrSetLocal done
Event: 453.815 Executing VM operation: GetFrameCount
Event: 453.815 Executing VM operation: GetFrameCount done
Event: 453.815 Executing VM operation: GetStackTrace
Event: 453.815 Executing VM operation: GetStackTrace done
Event: 453.815 Executing VM operation: GetFrameLocation
Event: 453.815 Executing VM operation: GetFrameLocation done
Event: 453.815 Executing VM operation: GetOrSetLocal
Event: 453.815 Executing VM operation: GetOrSetLocal done
Event: 453.816 Executing VM operation: GetOrSetLocal


Dynamic libraries:
0x00007ff6a3f10000 - 0x00007ff6a3f57000 	A:\Media\Apps\Java\bin\java.exe
0x00007ffc717d0000 - 0x00007ffc719b1000 	C:\WINDOWS\SYSTEM32\ntdll.dll
0x00007ffc6f020000 - 0x00007ffc6f0d2000 	C:\WINDOWS\System32\KERNEL32.DLL
0x00007ffc6e7a0000 - 0x00007ffc6ea13000 	C:\WINDOWS\System32\KERNELBASE.dll
0x00007ffc6f620000 - 0x00007ffc6f6c1000 	C:\WINDOWS\System32\ADVAPI32.dll
0x00007ffc6ec60000 - 0x00007ffc6ecfe000 	C:\WINDOWS\System32\msvcrt.dll
0x00007ffc6f6d0000 - 0x00007ffc6f72b000 	C:\WINDOWS\System32\sechost.dll
0x00007ffc6f0e0000 - 0x00007ffc6f204000 	C:\WINDOWS\System32\RPCRT4.dll
0x00007ffc6ee60000 - 0x00007ffc6eff0000 	C:\WINDOWS\System32\USER32.dll
0x00007ffc6e500000 - 0x00007ffc6e520000 	C:\WINDOWS\System32\win32u.dll
0x00007ffc6eff0000 - 0x00007ffc6f018000 	C:\WINDOWS\System32\GDI32.dll
0x00007ffc6e600000 - 0x00007ffc6e792000 	C:\WINDOWS\System32\gdi32full.dll
0x00007ffc6e460000 - 0x00007ffc6e4ff000 	C:\WINDOWS\System32\msvcp_win.dll
0x00007ffc6e360000 - 0x00007ffc6e45a000 	C:\WINDOWS\System32\ucrtbase.dll
0x00007ffc68100000 - 0x00007ffc68369000 	C:\WINDOWS\WinSxS\amd64_microsoft.windows.common-controls_6595b64144ccf1df_6.0.17134.407_none_fb449d63306391e9\COMCTL32.dll
0x00007ffc6f9a0000 - 0x00007ffc6fcc2000 	C:\WINDOWS\System32\combase.dll
0x00007ffc6e580000 - 0x00007ffc6e5fa000 	C:\WINDOWS\System32\bcryptPrimitives.dll
0x00007ffc69810000 - 0x00007ffc6981a000 	C:\WINDOWS\SYSTEM32\VERSION.dll
0x00007ffc6f580000 - 0x00007ffc6f5ad000 	C:\WINDOWS\System32\IMM32.DLL
0x00007ffc52b80000 - 0x00007ffc52b96000 	A:\Media\Apps\Java\bin\vcruntime140.dll
0x00007ffc44e80000 - 0x00007ffc44f2a000 	A:\Media\Apps\Java\bin\msvcp140.dll
0x00007ffc3e020000 - 0x00007ffc3eb62000 	A:\Media\Apps\Java\bin\server\jvm.dll
0x00007ffc6f930000 - 0x00007ffc6f938000 	C:\WINDOWS\System32\PSAPI.DLL
0x00007ffc5cff0000 - 0x00007ffc5cff9000 	C:\WINDOWS\SYSTEM32\WSOCK32.dll
0x00007ffc6f5b0000 - 0x00007ffc6f61c000 	C:\WINDOWS\System32\WS2_32.dll
0x00007ffc6bd80000 - 0x00007ffc6bda3000 	C:\WINDOWS\SYSTEM32\WINMM.dll
0x00007ffc6bd10000 - 0x00007ffc6bd3a000 	C:\WINDOWS\SYSTEM32\WINMMBASE.dll
0x00007ffc6ea20000 - 0x00007ffc6ea69000 	C:\WINDOWS\System32\cfgmgr32.dll
0x00007ffc6db60000 - 0x00007ffc6db71000 	C:\WINDOWS\System32\kernel.appcore.dll
0x00007ffc524a0000 - 0x00007ffc524b1000 	A:\Media\Apps\Java\bin\verify.dll
0x00007ffc600c0000 - 0x00007ffc60289000 	C:\WINDOWS\SYSTEM32\DBGHELP.DLL
0x00007ffc5f6f0000 - 0x00007ffc5f719000 	C:\WINDOWS\SYSTEM32\dbgcore.DLL
0x00007ffc4f740000 - 0x00007ffc4f769000 	A:\Media\Apps\Java\bin\java.dll
0x00007ffc576b0000 - 0x00007ffc576e7000 	A:\Media\Apps\Java\bin\jdwp.dll
0x00007ffc66b30000 - 0x00007ffc66b5f000 	A:\Media\Apps\Java\bin\instrument.dll
0x00007ffc521f0000 - 0x00007ffc52206000 	A:\Media\Apps\Java\bin\zip.dll
0x00007ffc57830000 - 0x00007ffc5783a000 	A:\Media\Apps\Java\bin\jimage.dll
0x00007ffc70150000 - 0x00007ffc7158f000 	C:\WINDOWS\System32\SHELL32.dll
0x00007ffc6f730000 - 0x00007ffc6f7d9000 	C:\WINDOWS\System32\shcore.dll
0x00007ffc6dc50000 - 0x00007ffc6e35d000 	C:\WINDOWS\System32\windows.storage.dll
0x00007ffc6f8d0000 - 0x00007ffc6f921000 	C:\WINDOWS\System32\shlwapi.dll
0x00007ffc6db80000 - 0x00007ffc6db9f000 	C:\WINDOWS\System32\profapi.dll
0x00007ffc6dae0000 - 0x00007ffc6db2c000 	C:\WINDOWS\System32\powrprof.dll
0x00007ffc6db30000 - 0x00007ffc6db3a000 	C:\WINDOWS\System32\FLTLIB.DLL
0x00007ffc51c40000 - 0x00007ffc51c59000 	A:\Media\Apps\Java\bin\net.dll
0x00007ffc692b0000 - 0x00007ffc6938c000 	C:\WINDOWS\SYSTEM32\WINHTTP.dll
0x00007ffc6d300000 - 0x00007ffc6d366000 	C:\WINDOWS\system32\mswsock.dll
0x00007ffc50da0000 - 0x00007ffc50db3000 	A:\Media\Apps\Java\bin\nio.dll
0x00007ffc67780000 - 0x00007ffc6778a000 	A:\Media\Apps\Java\bin\dt_socket.dll
0x00000188b23b0000 - 0x00000188b23b3000 	A:\Media\Apps\Java\javafx-sdk-11.0.1\bin\api-ms-win-core-console-l1-1-0.dll
0x00000188b23c0000 - 0x00000188b23c3000 	A:\Media\Apps\Java\javafx-sdk-11.0.1\bin\api-ms-win-core-datetime-l1-1-0.dll
0x00000188b23d0000 - 0x00000188b23d3000 	A:\Media\Apps\Java\javafx-sdk-11.0.1\bin\api-ms-win-core-debug-l1-1-0.dll
0x00000188b23e0000 - 0x00000188b23e3000 	A:\Media\Apps\Java\javafx-sdk-11.0.1\bin\api-ms-win-core-errorhandling-l1-1-0.dll
0x00000188b23f0000 - 0x00000188b23f4000 	A:\Media\Apps\Java\javafx-sdk-11.0.1\bin\api-ms-win-core-file-l1-1-0.dll
0x00000188b2400000 - 0x00000188b2403000 	A:\Media\Apps\Java\javafx-sdk-11.0.1\bin\api-ms-win-core-file-l1-2-0.dll
0x00000188b2410000 - 0x00000188b2413000 	A:\Media\Apps\Java\javafx-sdk-11.0.1\bin\api-ms-win-core-file-l2-1-0.dll
0x00000188b2420000 - 0x00000188b2423000 	A:\Media\Apps\Java\javafx-sdk-11.0.1\bin\api-ms-win-core-handle-l1-1-0.dll
0x00000188b2430000 - 0x00000188b2433000 	A:\Media\Apps\Java\javafx-sdk-11.0.1\bin\api-ms-win-core-heap-l1-1-0.dll
0x00000188b2440000 - 0x00000188b2443000 	A:\Media\Apps\Java\javafx-sdk-11.0.1\bin\api-ms-win-core-interlocked-l1-1-0.dll
0x00000188b2450000 - 0x00000188b2453000 	A:\Media\Apps\Java\javafx-sdk-11.0.1\bin\api-ms-win-core-libraryloader-l1-1-0.dll
0x00000188b2460000 - 0x00000188b2463000 	A:\Media\Apps\Java\javafx-sdk-11.0.1\bin\api-ms-win-core-localization-l1-2-0.dll
0x00000188b2470000 - 0x00000188b2473000 	A:\Media\Apps\Java\javafx-sdk-11.0.1\bin\api-ms-win-core-memory-l1-1-0.dll
0x00000188b2480000 - 0x00000188b2483000 	A:\Media\Apps\Java\javafx-sdk-11.0.1\bin\api-ms-win-core-namedpipe-l1-1-0.dll
0x00000188b2490000 - 0x00000188b2493000 	A:\Media\Apps\Java\javafx-sdk-11.0.1\bin\api-ms-win-core-processenvironment-l1-1-0.dll
0x00000188b24a0000 - 0x00000188b24a3000 	A:\Media\Apps\Java\javafx-sdk-11.0.1\bin\api-ms-win-core-processthreads-l1-1-0.dll
0x00000188b24b0000 - 0x00000188b24b3000 	A:\Media\Apps\Java\javafx-sdk-11.0.1\bin\api-ms-win-core-processthreads-l1-1-1.dll
0x00000188b24c0000 - 0x00000188b24c3000 	A:\Media\Apps\Java\javafx-sdk-11.0.1\bin\api-ms-win-core-profile-l1-1-0.dll
0x00000188b24d0000 - 0x00000188b24d3000 	A:\Media\Apps\Java\javafx-sdk-11.0.1\bin\api-ms-win-core-rtlsupport-l1-1-0.dll
0x00000188b24e0000 - 0x00000188b24e3000 	A:\Media\Apps\Java\javafx-sdk-11.0.1\bin\api-ms-win-core-string-l1-1-0.dll
0x00000188b24f0000 - 0x00000188b24f3000 	A:\Media\Apps\Java\javafx-sdk-11.0.1\bin\api-ms-win-core-synch-l1-1-0.dll
0x00000188b2500000 - 0x00000188b2503000 	A:\Media\Apps\Java\javafx-sdk-11.0.1\bin\api-ms-win-core-synch-l1-2-0.dll
0x00000188b2510000 - 0x00000188b2513000 	A:\Media\Apps\Java\javafx-sdk-11.0.1\bin\api-ms-win-core-sysinfo-l1-1-0.dll
0x00000188b2520000 - 0x00000188b2523000 	A:\Media\Apps\Java\javafx-sdk-11.0.1\bin\api-ms-win-core-timezone-l1-1-0.dll
0x00000188b2530000 - 0x00000188b2533000 	A:\Media\Apps\Java\javafx-sdk-11.0.1\bin\api-ms-win-core-util-l1-1-0.dll
0x00000188b2540000 - 0x00000188b2543000 	A:\Media\Apps\Java\javafx-sdk-11.0.1\bin\api-ms-win-crt-conio-l1-1-0.dll
0x00000188b2550000 - 0x00000188b2554000 	A:\Media\Apps\Java\javafx-sdk-11.0.1\bin\api-ms-win-crt-convert-l1-1-0.dll
0x00000188b2560000 - 0x00000188b2563000 	A:\Media\Apps\Java\javafx-sdk-11.0.1\bin\api-ms-win-crt-environment-l1-1-0.dll
0x00000188b2570000 - 0x00000188b2573000 	A:\Media\Apps\Java\javafx-sdk-11.0.1\bin\api-ms-win-crt-filesystem-l1-1-0.dll
0x00000188b2580000 - 0x00000188b2583000 	A:\Media\Apps\Java\javafx-sdk-11.0.1\bin\api-ms-win-crt-heap-l1-1-0.dll
0x00000188b2590000 - 0x00000188b2593000 	A:\Media\Apps\Java\javafx-sdk-11.0.1\bin\api-ms-win-crt-locale-l1-1-0.dll
0x00000188b25a0000 - 0x00000188b25a5000 	A:\Media\Apps\Java\javafx-sdk-11.0.1\bin\api-ms-win-crt-math-l1-1-0.dll
0x00000188b25b0000 - 0x00000188b25b5000 	A:\Media\Apps\Java\javafx-sdk-11.0.1\bin\api-ms-win-crt-multibyte-l1-1-0.dll
0x00000188b25c0000 - 0x00000188b25d0000 	A:\Media\Apps\Java\javafx-sdk-11.0.1\bin\api-ms-win-crt-private-l1-1-0.dll
0x00000188b25d0000 - 0x00000188b25d3000 	A:\Media\Apps\Java\javafx-sdk-11.0.1\bin\api-ms-win-crt-process-l1-1-0.dll
0x00000188b25e0000 - 0x00000188b25e4000 	A:\Media\Apps\Java\javafx-sdk-11.0.1\bin\api-ms-win-crt-runtime-l1-1-0.dll
0x00000188b25f0000 - 0x00000188b25f4000 	A:\Media\Apps\Java\javafx-sdk-11.0.1\bin\api-ms-win-crt-stdio-l1-1-0.dll
0x00000188b2600000 - 0x00000188b2604000 	A:\Media\Apps\Java\javafx-sdk-11.0.1\bin\api-ms-win-crt-string-l1-1-0.dll
0x00000188b2610000 - 0x00000188b2613000 	A:\Media\Apps\Java\javafx-sdk-11.0.1\bin\api-ms-win-crt-time-l1-1-0.dll
0x00000188b2620000 - 0x00000188b2623000 	A:\Media\Apps\Java\javafx-sdk-11.0.1\bin\api-ms-win-crt-utility-l1-1-0.dll
0x00007ffc40650000 - 0x00007ffc4074a000 	A:\Media\Apps\Java\javafx-sdk-11.0.1\bin\ucrtbase.dll
0x00007ffc66af0000 - 0x00007ffc66b06000 	A:\Media\Apps\Java\javafx-sdk-11.0.1\bin\vcruntime140.dll
0x00007ffc475e0000 - 0x00007ffc47686000 	A:\Media\Apps\Java\javafx-sdk-11.0.1\bin\msvcp140.dll
0x00007ffc4f6e0000 - 0x00007ffc4f731000 	A:\Media\Apps\Java\javafx-sdk-11.0.1\bin\concrt140.dll
0x00007ffc5d100000 - 0x00007ffc5d123000 	A:\Media\Apps\Java\javafx-sdk-11.0.1\bin\prism_d3d.dll
0x00007ffc5b780000 - 0x00007ffc5b917000 	C:\WINDOWS\system32\d3d9.dll
0x00007ffc6c270000 - 0x00007ffc6c299000 	C:\WINDOWS\SYSTEM32\dwmapi.dll
0x00007ffc6c1a0000 - 0x00007ffc6c238000 	C:\WINDOWS\system32\uxtheme.dll
0x00007ffc662d0000 - 0x00007ffc663be000 	C:\WINDOWS\System32\DriverStore\FileRepository\nv_dispi.inf_amd64_6bc621d9790e90e7\nvldumdx.dll
0x00007ffc6ea70000 - 0x00007ffc6ec52000 	C:\WINDOWS\System32\crypt32.dll
0x00007ffc6db40000 - 0x00007ffc6db52000 	C:\WINDOWS\System32\MSASN1.dll
0x00007ffc6e520000 - 0x00007ffc6e577000 	C:\WINDOWS\System32\WINTRUST.DLL
0x00007ffc70120000 - 0x00007ffc7013d000 	C:\WINDOWS\System32\imagehlp.dll
0x00007ffc6d4b0000 - 0x00007ffc6d4c7000 	C:\WINDOWS\SYSTEM32\CRYPTSP.dll
0x00007ffc6cee0000 - 0x00007ffc6cf13000 	C:\WINDOWS\system32\rsaenh.dll
0x00007ffc6d5e0000 - 0x00007ffc6d605000 	C:\WINDOWS\SYSTEM32\bcrypt.dll
0x00007ffc6d4d0000 - 0x00007ffc6d4db000 	C:\WINDOWS\SYSTEM32\CRYPTBASE.dll
0x00007ffc3cc30000 - 0x00007ffc3e017000 	C:\WINDOWS\System32\DriverStore\FileRepository\nv_dispi.inf_amd64_6bc621d9790e90e7\nvd3dumx.dll
0x00007ffc53810000 - 0x00007ffc53855000 	A:\Media\Apps\Java\javafx-sdk-11.0.1\bin\glass.dll
0x00007ffc6f7e0000 - 0x00007ffc6f8cd000 	C:\WINDOWS\System32\COMDLG32.dll
0x00007ffc6ed00000 - 0x00007ffc6ee51000 	C:\WINDOWS\System32\ole32.dll
0x00007ffc6f210000 - 0x00007ffc6f2d2000 	C:\WINDOWS\System32\OLEAUT32.dll
0x00007ffc6f380000 - 0x00007ffc6f4f3000 	C:\WINDOWS\System32\MSCTF.dll
0x000000005d4b0000 - 0x000000005d4ec000 	A:\fraps\fraps64.dll
0x00007ffc63250000 - 0x00007ffc63314000 	C:\Program Files (x86)\NVIDIA Corporation\3D Vision\nvSCPAPI64.dll
0x00007ffc6fcd0000 - 0x00007ffc7011b000 	C:\WINDOWS\System32\SETUPAPI.dll
0x00007ffc546e0000 - 0x00007ffc549a6000 	C:\WINDOWS\system32\nvspcap64.dll
0x00007ffc6cbd0000 - 0x00007ffc6cc01000 	C:\WINDOWS\SYSTEM32\ntmarta.dll
0x00007ffc6c820000 - 0x00007ffc6c842000 	C:\WINDOWS\SYSTEM32\gpapi.dll
0x00007ffc69220000 - 0x00007ffc6924e000 	C:\WINDOWS\SYSTEM32\cryptnet.dll
0x00007ffc628e0000 - 0x00007ffc628f4000 	A:\Media\Apps\Java\javafx-sdk-11.0.1\bin\javafx_font.dll
0x00007ffc56990000 - 0x00007ffc56cac000 	C:\WINDOWS\SYSTEM32\dwrite.dll
0x00007ffc6f2e0000 - 0x00007ffc6f380000 	C:\WINDOWS\System32\clbcatq.dll
0x00007ffc67530000 - 0x00007ffc676de000 	C:\WINDOWS\SYSTEM32\WindowsCodecs.dll
0x00007ffc57610000 - 0x00007ffc57668000 	C:\WINDOWS\system32\dataexchange.dll
0x00007ffc6ad80000 - 0x00007ffc6b08b000 	C:\WINDOWS\system32\d3d11.dll
0x00007ffc6b660000 - 0x00007ffc6b7fc000 	C:\WINDOWS\system32\dcomp.dll
0x00007ffc6c8a0000 - 0x00007ffc6c95b000 	C:\WINDOWS\system32\dxgi.dll
0x00007ffc6c3b0000 - 0x00007ffc6c568000 	C:\WINDOWS\system32\twinapi.appcore.dll

dbghelp: loaded successfully - version: 4.0.5 - missing functions: none
symbol engine: initialized successfully - sym options: 0x614 - pdb path: .;A:\Media\Apps\Java\bin;C:\WINDOWS\SYSTEM32;C:\WINDOWS\WinSxS\amd64_microsoft.windows.common-controls_6595b64144ccf1df_6.0.17134.407_none_fb449d63306391e9;A:\Media\Apps\Java\bin\server;A:\Media\Apps\Java\javafx-sdk-11.0.1\bin;C:\WINDOWS\System32\DriverStore\FileRepository\nv_dispi.inf_amd64_6bc621d9790e90e7;A:\fraps;C:\Program Files (x86)\NVIDIA Corporation\3D Vision;C:\Program Files\Common Files\Microsoft Shared\Ink

VM Arguments:
jvm_args: -agentlib:jdwp=transport=dt_socket,address=127.0.0.1:50994,suspend=y,server=n -javaagent:C:\Users\Chris\.IntelliJIdea2018.2\system\captureAgent\debugger-agent.jar=file:/C:/Users/Chris/AppData/Local/Temp/capture.props -Dfile.encoding=UTF-8 --module-path=A:\Media\Apps\Java\IdeaProjects\IMSystem\out\production\IMSystem;A:\Media\Apps\Java\javafx-sdk-11.0.1\lib\javafx-swt.jar;A:\Media\Apps\Java\javafx-sdk-11.0.1\lib\javafx.base.jar;A:\Media\Apps\Java\javafx-sdk-11.0.1\lib\javafx.controls.jar;A:\Media\Apps\Java\javafx-sdk-11.0.1\lib\javafx.fxml.jar;A:\Media\Apps\Java\javafx-sdk-11.0.1\lib\javafx.graphics.jar;A:\Media\Apps\Java\javafx-sdk-11.0.1\lib\javafx.media.jar;A:\Media\Apps\Java\javafx-sdk-11.0.1\lib\javafx.swing.jar;A:\Media\Apps\Java\javafx-sdk-11.0.1\lib\javafx.web.jar -Djdk.module.main=IMSystem 
java_command: IMSystem/software1.Main
java_class_path (initial): A:\Media\Apps\IntelliJ IDEA 2018.2.5\lib\idea_rt.jar
Launcher Type: SUN_STANDARD

[Global flags]
     intx CICompilerCount                          = 3                                         {product} {ergonomic}
     uint ConcGCThreads                            = 1                                         {product} {ergonomic}
     uint G1ConcRefinementThreads                  = 4                                         {product} {ergonomic}
   size_t G1HeapRegionSize                         = 1048576                                   {product} {ergonomic}
    uintx GCDrainStackTargetSize                   = 64                                        {product} {ergonomic}
   size_t InitialHeapSize                          = 268435456                                 {product} {ergonomic}
   size_t MarkStackSize                            = 4194304                                   {product} {ergonomic}
   size_t MaxHeapSize                              = 4284481536                                {product} {ergonomic}
   size_t MaxNewSize                               = 2570059776                                {product} {ergonomic}
   size_t MinHeapDeltaBytes                        = 1048576                                   {product} {ergonomic}
    uintx NonNMethodCodeHeapSize                   = 5830092                                {pd product} {ergonomic}
    uintx NonProfiledCodeHeapSize                  = 122914074                              {pd product} {ergonomic}
    uintx ProfiledCodeHeapSize                     = 122914074                              {pd product} {ergonomic}
    uintx ReservedCodeCacheSize                    = 251658240                              {pd product} {ergonomic}
     bool SegmentedCodeCache                       = true                                      {product} {ergonomic}
     bool UseCompressedClassPointers               = true                                 {lp64_product} {ergonomic}
     bool UseCompressedOops                        = true                                 {lp64_product} {ergonomic}
     bool UseG1GC                                  = true                                      {product} {ergonomic}
     bool UseLargePagesIndividualAllocation        = false                                  {pd product} {ergonomic}

Logging:
Log output configuration:
 #0: stdout all=warning uptime,level,tags
 #1: stderr all=off uptime,level,tags

Environment Variables:
PATH=C:\Program Files (x86)\Common Files\Oracle\Java\javapath;C:\ProgramData\Oracle\Java\javapath;C:\Windows\system32;C:\Windows;C:\Windows\System32\Wbem;C:\Windows\System32\WindowsPowerShell\v1.0\;C:\WINDOWS\system32;C:\WINDOWS;C:\WINDOWS\System32\Wbem;C:\WINDOWS\System32\WindowsPowerShell\v1.0\;C:\Program Files\Common Files\Autodesk Shared\;C:\Program Files (x86)\Windows Kits\10\Windows Performance Toolkit\;C:\Program Files\Microsoft SQL Server\130\Tools\Binn\;C:\Program Files\dotnet\;C:\Program Files (x86)\GtkSharp\2.12\bin;C:\Program Files (x86)\NVIDIA Corporation\PhysX\Common;A:\Media\Apps\;C:\WINDOWS\system32;C:\WINDOWS;C:\WINDOWS\System32\Wbem;C:\WINDOWS\System32\WindowsPowerShell\v1.0\;C:\WINDOWS\System32\OpenSSH\;C:\Program Files\SourceGear\Common\DiffMerge\;C:\Program Files\NVIDIA Corporation\NVIDIA NvDLISR;C:\Program Files\Java\jdk1_8.0_121\bin;C:\Users\Chris\AppData\Local\Microsoft\WindowsApps;C:\Users\Chris\AppData\Roaming\npm;C:\Users\Chris\AppData\Local\atom\bin;%USERPROFILE%\AppData\Local\Microsoft\WindowsApps;
USERNAME=Chris
OS=Windows_NT
PROCESSOR_IDENTIFIER=Intel64 Family 6 Model 94 Stepping 3, GenuineIntel



---------------  S Y S T E M  ---------------

OS: Windows 10 , 64 bit Build 17134 (10.0.17134.1)

CPU:total 4 (initial active 4) (4 cores per cpu, 1 threads per core) family 6 model 94 stepping 3, cmov, cx8, fxsr, mmx, sse, sse2, sse3, ssse3, sse4.1, sse4.2, popcnt, avx, avx2, aes, clmul, erms, rtm, 3dnowpref, lzcnt, tsc, tscinvbit, bmi1, bmi2, adx, fma

Memory: 4k page, system-wide physical 16342M (11145M free)
TotalPageFile size 18774M (AvailPageFile size 10273M)
current process WorkingSet (physical memory assigned to process): 149M, peak: 199M
current process commit charge ("private bytes"): 424M, peak: 470M

vm_info: Java HotSpot(TM) 64-Bit Server VM (11.0.1+13-LTS) for windows-amd64 JRE (11.0.1+13-LTS), built on Oct  6 2018 13:20:16 by "mach5one" with MS VC++ 15.5 (VS2017)

END.
